<?xml version="1.0" encoding="UTF-8"?>
<!-- Generated by org.testng.reporters.JUnitXMLReporter -->
<testsuite hostname="ali-4c32758b203f.local" tests="2" failures="1" timestamp="14 Apr 2017 06:26:36 GMT" time="0.115" errors="0">
  <testcase name="@BeforeTest setup" time="0.0" classname="LoginTest">
    <failure type="org.testng.TestNGException" message="
Parameter &amp;apos;deviceId&amp;apos; is required by @Configuration on method setup but has not been marked @Optional or defined
in /Users/phoenixzhang/Downloads/PatatiumAppUi/testng.xml">
      <![CDATA[org.testng.TestNGException: 
Parameter 'deviceId' is required by @Configuration on method setup but has not been marked @Optional or defined
in /Users/phoenixzhang/Downloads/PatatiumAppUi/testng.xml
... Removed 19 stack frames]]>
    </failure>
  </testcase> <!-- @BeforeTest setup -->
  <testcase name="@BeforeClass beforeclass" time="0.0" classname="LoginTest">
    <skipped/>
  </testcase> <!-- @BeforeClass beforeclass -->
  <testcase name="@AfterTest tearDown" time="0.0" classname="LoginTest">
    <skipped/>
  </testcase> <!-- @AfterTest tearDown -->
  <testcase name="loginFail" time="0.001" classname="LoginTest">
    <skipped/>
  </testcase> <!-- loginFail -->
  <testcase name="loginFail" time="0.106" classname="LoginTest">
    <failure type="java.lang.NullPointerException">
      <![CDATA[java.lang.NullPointerException
	at org.webdriver.patatiumappui.utils.ScreenShot.takeScreenshot(ScreenShot.java:23)
	at org.webdriver.patatiumappui.utils.ScreenShot.takeScreenshot(ScreenShot.java:39)
	at org.webdriver.patatiumappui.utils.TestListener.onTestSkipped(TestListener.java:148)
... Removed 21 stack frames]]>
    </failure>
  </testcase> <!-- loginFail -->
</testsuite>
